This is pdfTeX, Version 3.141592653-2.6-1.40.25 (TeX Live 2023) (preloaded format=pdflatex 2024.1.15)  16 JAN 2024 14:26
entering extended mode
 restricted \write18 enabled.
 file:line:error style messages enabled.
 %&-line parsing enabled.
**"e:/UBC/MEng/MATH 521/MATH 521 Notes.tex"
(e:/UBC/MEng/MATH 521/MATH 521 Notes.tex
LaTeX2e <2023-11-01>
L3 programming layer <2024-01-04>
(f:/texlive/2023/texmf-dist/tex/latex/base/article.cls
Document Class: article 2023/05/17 v1.4n Standard LaTeX document class
(f:/texlive/2023/texmf-dist/tex/latex/base/size12.clo
File: size12.clo 2023/05/17 v1.4n Standard LaTeX file (size option)
)
\c@part=\count187
\c@section=\count188
\c@subsection=\count189
\c@subsubsection=\count190
\c@paragraph=\count191
\c@subparagraph=\count192
\c@figure=\count193
\c@table=\count194
\abovecaptionskip=\skip48
\belowcaptionskip=\skip49
\bibindent=\dimen140
) (f:/texlive/2023/texmf-dist/tex/latex/base/fontenc.sty
Package: fontenc 2021/04/29 v2.0v Standard LaTeX package
) (f:/texlive/2023/texmf-dist/tex/latex/l3backend/l3backend-pdftex.def
File: l3backend-pdftex.def 2024-01-04 L3 backend support: PDF output (pdfTeX)
\l__color_backend_stack_int=\count195
\l__pdf_internal_box=\box51
) (./MATH 521 Notes.aux)
\openout1 = `"MATH 521 Notes.aux"'.

LaTeX Font Info:    Checking defaults for OML/cmm/m/it on input line 3.
LaTeX Font Info:    ... okay on input line 3.
LaTeX Font Info:    Checking defaults for OMS/cmsy/m/n on input line 3.
LaTeX Font Info:    ... okay on input line 3.
LaTeX Font Info:    Checking defaults for OT1/cmr/m/n on input line 3.
LaTeX Font Info:    ... okay on input line 3.
LaTeX Font Info:    Checking defaults for T1/cmr/m/n on input line 3.
LaTeX Font Info:    ... okay on input line 3.
LaTeX Font Info:    Checking defaults for TS1/cmr/m/n on input line 3.
LaTeX Font Info:    ... okay on input line 3.
LaTeX Font Info:    Checking defaults for OMX/cmex/m/n on input line 3.
LaTeX Font Info:    ... okay on input line 3.
LaTeX Font Info:    Checking defaults for U/cmr/m/n on input line 3.
LaTeX Font Info:    ... okay on input line 3.
LaTeX Font Info:    External font `cmex10' loaded for size
(Font)              <12> on input line 11.
LaTeX Font Info:    External font `cmex10' loaded for size
(Font)              <8> on input line 11.
LaTeX Font Info:    External font `cmex10' loaded for size
(Font)              <6> on input line 11.

Overfull \hbox (9.7374pt too wide) in paragraph at lines 12--13
[]\T1/cmr/m/n/12 Characteristics: No time de-pen-dence, so-lu-tions are gen-er-ally smooth
 []


Overfull \hbox (11.90912pt too wide) in paragraph at lines 37--38
[]\T1/cmr/m/n/12 Example: Non-lin-ear Schrödinger Equa-tion, Korteweg-de Vries Equa-
 []

[1

{f:/texlive/2023/texmf-var/fonts/map/pdftex/updmap/pdftex.map}{f:/texlive/2023/texmf-dist/fonts/enc/dvips/cm-super/cm-super-t1.enc}{f:/texlive/2023/texmf-dist/fonts/enc/dvips/cm-super/cm-super-ts1.enc}] [2] (./MATH 521 Notes.aux)
 ***********
LaTeX2e <2023-11-01>
L3 programming layer <2024-01-04>
 ***********
 ) 
Here is how much of TeX's memory you used:
 686 strings out of 474165
 10656 string characters out of 5749497
 1933528 words of memory out of 5000000
 23058 multiletter control sequences out of 15000+600000
 564994 words of font info for 51 fonts, out of 8000000 for 9000
 1141 hyphenation exceptions out of 8191
 35i,5n,50p,432b,249s stack positions out of 10000i,1000n,20000p,200000b,200000s
<f:/texlive/2023/texmf-dist/fonts/type1/public/amsfonts/cm/cmmi12.pfb><f:/texlive/2023/texmf-dist/fonts/type1/public/amsfonts/cm/cmmi8.pfb><f:/texlive/2023/texmf-dist/fonts/type1/public/amsfonts/cm/cmr12.pfb><f:/texlive/2023/texmf-dist/fonts/type1/public/amsfonts/cm/cmr6.pfb><f:/texlive/2023/texmf-dist/fonts/type1/public/amsfonts/cm/cmr8.pfb><f:/texlive/2023/texmf-dist/fonts/type1/public/amsfonts/cm/cmsy10.pfb><f:/texlive/2023/texmf-dist/fonts/type1/public/cm-super/sfbx1440.pfb><f:/texlive/2023/texmf-dist/fonts/type1/public/cm-super/sfbx1728.pfb><f:/texlive/2023/texmf-dist/fonts/type1/public/cm-super/sfrm1200.pfb>
Output written on "MATH 521 Notes.pdf" (2 pages, 104440 bytes).
PDF statistics:
 61 PDF objects out of 1000 (max. 8388607)
 37 compressed objects within 1 object stream
 0 named destinations out of 1000 (max. 500000)
 1 words of extra memory for PDF output out of 10000 (max. 10000000)

